<?xml version="1.0" encoding="UTF-8"?>
<testsuite xmlns:xsi="http://www.w3.org/2001/XMLSchema-instance" xsi:noNamespaceSchemaLocation="https://maven.apache.org/surefire/maven-surefire-plugin/xsd/surefire-test-report.xsd" name="edu.uoc.epcsd.showcatalog.ShowCatalogApplicationTests" time="4.796" tests="1" errors="0" skipped="0" failures="0">
  <properties>
    <property name="gopherProxySet" value="false"/>
    <property name="awt.toolkit" value="sun.lwawt.macosx.LWCToolkit"/>
    <property name="java.specification.version" value="11"/>
    <property name="sun.cpu.isalist" value=""/>
    <property name="sun.jnu.encoding" value="UTF-8"/>
    <property name="java.class.path" value="/Users/jorgegarcia/gits/private-epcsd-spring/epcsd-spring-showcatalog/target/test-classes:/Users/jorgegarcia/gits/private-epcsd-spring/epcsd-spring-showcatalog/target/classes:/Users/jorgegarcia/.m2/repository/org/springframework/boot/spring-boot-starter-data-jpa/2.6.2/spring-boot-starter-data-jpa-2.6.2.jar:/Users/jorgegarcia/.m2/repository/org/springframework/boot/spring-boot-starter-aop/2.6.2/spring-boot-starter-aop-2.6.2.jar:/Users/jorgegarcia/.m2/repository/org/springframework/spring-aop/5.3.14/spring-aop-5.3.14.jar:/Users/jorgegarcia/.m2/repository/org/aspectj/aspectjweaver/1.9.7/aspectjweaver-1.9.7.jar:/Users/jorgegarcia/.m2/repository/org/springframework/boot/spring-boot-starter-jdbc/2.6.2/spring-boot-starter-jdbc-2.6.2.jar:/Users/jorgegarcia/.m2/repository/com/zaxxer/HikariCP/4.0.3/HikariCP-4.0.3.jar:/Users/jorgegarcia/.m2/repository/org/springframework/spring-jdbc/5.3.14/spring-jdbc-5.3.14.jar:/Users/jorgegarcia/.m2/repository/jakarta/transaction/jakarta.transaction-api/1.3.3/jakarta.transaction-api-1.3.3.jar:/Users/jorgegarcia/.m2/repository/jakarta/persistence/jakarta.persistence-api/2.2.3/jakarta.persistence-api-2.2.3.jar:/Users/jorgegarcia/.m2/repository/org/hibernate/hibernate-core/5.6.3.Final/hibernate-core-5.6.3.Final.jar:/Users/jorgegarcia/.m2/repository/org/jboss/logging/jboss-logging/3.4.2.Final/jboss-logging-3.4.2.Final.jar:/Users/jorgegarcia/.m2/repository/net/bytebuddy/byte-buddy/1.11.22/byte-buddy-1.11.22.jar:/Users/jorgegarcia/.m2/repository/antlr/antlr/2.7.7/antlr-2.7.7.jar:/Users/jorgegarcia/.m2/repository/org/jboss/jandex/2.2.3.Final/jandex-2.2.3.Final.jar:/Users/jorgegarcia/.m2/repository/com/fasterxml/classmate/1.5.1/classmate-1.5.1.jar:/Users/jorgegarcia/.m2/repository/org/hibernate/common/hibernate-commons-annotations/5.1.2.Final/hibernate-commons-annotations-5.1.2.Final.jar:/Users/jorgegarcia/.m2/repository/org/glassfish/jaxb/jaxb-runtime/2.3.5/jaxb-runtime-2.3.5.jar:/Users/jorgegarcia/.m2/repository/org/glassfish/jaxb/txw2/2.3.5/txw2-2.3.5.jar:/Users/jorgegarcia/.m2/repository/com/sun/istack/istack-commons-runtime/3.0.12/istack-commons-runtime-3.0.12.jar:/Users/jorgegarcia/.m2/repository/com/sun/activation/jakarta.activation/1.2.2/jakarta.activation-1.2.2.jar:/Users/jorgegarcia/.m2/repository/org/springframework/data/spring-data-jpa/2.6.0/spring-data-jpa-2.6.0.jar:/Users/jorgegarcia/.m2/repository/org/springframework/data/spring-data-commons/2.6.0/spring-data-commons-2.6.0.jar:/Users/jorgegarcia/.m2/repository/org/springframework/spring-orm/5.3.14/spring-orm-5.3.14.jar:/Users/jorgegarcia/.m2/repository/org/springframework/spring-beans/5.3.14/spring-beans-5.3.14.jar:/Users/jorgegarcia/.m2/repository/org/slf4j/slf4j-api/1.7.32/slf4j-api-1.7.32.jar:/Users/jorgegarcia/.m2/repository/org/springframework/spring-aspects/5.3.14/spring-aspects-5.3.14.jar:/Users/jorgegarcia/.m2/repository/org/springframework/boot/spring-boot-starter-jersey/2.6.2/spring-boot-starter-jersey-2.6.2.jar:/Users/jorgegarcia/.m2/repository/org/springframework/boot/spring-boot-starter-json/2.6.2/spring-boot-starter-json-2.6.2.jar:/Users/jorgegarcia/.m2/repository/com/fasterxml/jackson/core/jackson-databind/2.13.1/jackson-databind-2.13.1.jar:/Users/jorgegarcia/.m2/repository/com/fasterxml/jackson/datatype/jackson-datatype-jdk8/2.13.1/jackson-datatype-jdk8-2.13.1.jar:/Users/jorgegarcia/.m2/repository/com/fasterxml/jackson/datatype/jackson-datatype-jsr310/2.13.1/jackson-datatype-jsr310-2.13.1.jar:/Users/jorgegarcia/.m2/repository/com/fasterxml/jackson/module/jackson-module-parameter-names/2.13.1/jackson-module-parameter-names-2.13.1.jar:/Users/jorgegarcia/.m2/repository/org/springframework/boot/spring-boot-starter-tomcat/2.6.2/spring-boot-starter-tomcat-2.6.2.jar:/Users/jorgegarcia/.m2/repository/jakarta/annotation/jakarta.annotation-api/1.3.5/jakarta.annotation-api-1.3.5.jar:/Users/jorgegarcia/.m2/repository/org/apache/tomcat/embed/tomcat-embed-core/9.0.56/tomcat-embed-core-9.0.56.jar:/Users/jorgegarcia/.m2/repository/org/apache/tomcat/embed/tomcat-embed-el/9.0.56/tomcat-embed-el-9.0.56.jar:/Users/jorgegarcia/.m2/repository/org/apache/tomcat/embed/tomcat-embed-websocket/9.0.56/tomcat-embed-websocket-9.0.56.jar:/Users/jorgegarcia/.m2/repository/org/springframework/boot/spring-boot-starter-validation/2.6.2/spring-boot-starter-validation-2.6.2.jar:/Users/jorgegarcia/.m2/repository/org/hibernate/validator/hibernate-validator/6.2.0.Final/hibernate-validator-6.2.0.Final.jar:/Users/jorgegarcia/.m2/repository/org/springframework/spring-web/5.3.14/spring-web-5.3.14.jar:/Users/jorgegarcia/.m2/repository/org/glassfish/jersey/core/jersey-server/2.35/jersey-server-2.35.jar:/Users/jorgegarcia/.m2/repository/org/glassfish/jersey/core/jersey-common/2.35/jersey-common-2.35.jar:/Users/jorgegarcia/.m2/repository/org/glassfish/hk2/osgi-resource-locator/1.0.3/osgi-resource-locator-1.0.3.jar:/Users/jorgegarcia/.m2/repository/org/glassfish/jersey/core/jersey-client/2.35/jersey-client-2.35.jar:/Users/jorgegarcia/.m2/repository/jakarta/ws/rs/jakarta.ws.rs-api/2.1.6/jakarta.ws.rs-api-2.1.6.jar:/Users/jorgegarcia/.m2/repository/org/glassfish/hk2/external/jakarta.inject/2.6.1/jakarta.inject-2.6.1.jar:/Users/jorgegarcia/.m2/repository/jakarta/validation/jakarta.validation-api/2.0.2/jakarta.validation-api-2.0.2.jar:/Users/jorgegarcia/.m2/repository/org/glassfish/jersey/containers/jersey-container-servlet-core/2.35/jersey-container-servlet-core-2.35.jar:/Users/jorgegarcia/.m2/repository/org/glassfish/jersey/containers/jersey-container-servlet/2.35/jersey-container-servlet-2.35.jar:/Users/jorgegarcia/.m2/repository/org/glassfish/jersey/ext/jersey-bean-validation/2.35/jersey-bean-validation-2.35.jar:/Users/jorgegarcia/.m2/repository/org/glassfish/jersey/ext/jersey-spring5/2.35/jersey-spring5-2.35.jar:/Users/jorgegarcia/.m2/repository/org/glassfish/jersey/inject/jersey-hk2/2.35/jersey-hk2-2.35.jar:/Users/jorgegarcia/.m2/repository/org/glassfish/hk2/hk2-locator/2.6.1/hk2-locator-2.6.1.jar:/Users/jorgegarcia/.m2/repository/org/glassfish/hk2/external/aopalliance-repackaged/2.6.1/aopalliance-repackaged-2.6.1.jar:/Users/jorgegarcia/.m2/repository/org/javassist/javassist/3.25.0-GA/javassist-3.25.0-GA.jar:/Users/jorgegarcia/.m2/repository/org/glassfish/hk2/hk2/2.6.1/hk2-2.6.1.jar:/Users/jorgegarcia/.m2/repository/org/glassfish/hk2/hk2-utils/2.6.1/hk2-utils-2.6.1.jar:/Users/jorgegarcia/.m2/repository/org/glassfish/hk2/hk2-api/2.6.1/hk2-api-2.6.1.jar:/Users/jorgegarcia/.m2/repository/org/glassfish/hk2/hk2-core/2.6.1/hk2-core-2.6.1.jar:/Users/jorgegarcia/.m2/repository/org/glassfish/hk2/hk2-runlevel/2.6.1/hk2-runlevel-2.6.1.jar:/Users/jorgegarcia/.m2/repository/org/glassfish/hk2/class-model/2.6.1/class-model-2.6.1.jar:/Users/jorgegarcia/.m2/repository/org/ow2/asm/asm/7.1/asm-7.1.jar:/Users/jorgegarcia/.m2/repository/org/ow2/asm/asm-analysis/7.1/asm-analysis-7.1.jar:/Users/jorgegarcia/.m2/repository/org/ow2/asm/asm-commons/7.1/asm-commons-7.1.jar:/Users/jorgegarcia/.m2/repository/org/ow2/asm/asm-tree/7.1/asm-tree-7.1.jar:/Users/jorgegarcia/.m2/repository/org/ow2/asm/asm-util/7.1/asm-util-7.1.jar:/Users/jorgegarcia/.m2/repository/org/glassfish/hk2/spring-bridge/2.6.1/spring-bridge-2.6.1.jar:/Users/jorgegarcia/.m2/repository/org/glassfish/jersey/media/jersey-media-json-jackson/2.35/jersey-media-json-jackson-2.35.jar:/Users/jorgegarcia/.m2/repository/org/glassfish/jersey/ext/jersey-entity-filtering/2.35/jersey-entity-filtering-2.35.jar:/Users/jorgegarcia/.m2/repository/com/fasterxml/jackson/core/jackson-annotations/2.13.1/jackson-annotations-2.13.1.jar:/Users/jorgegarcia/.m2/repository/com/fasterxml/jackson/module/jackson-module-jaxb-annotations/2.13.1/jackson-module-jaxb-annotations-2.13.1.jar:/Users/jorgegarcia/.m2/repository/org/springdoc/springdoc-openapi-ui/1.6.5/springdoc-openapi-ui-1.6.5.jar:/Users/jorgegarcia/.m2/repository/org/springdoc/springdoc-openapi-webmvc-core/1.6.5/springdoc-openapi-webmvc-core-1.6.5.jar:/Users/jorgegarcia/.m2/repository/org/springdoc/springdoc-openapi-common/1.6.5/springdoc-openapi-common-1.6.5.jar:/Users/jorgegarcia/.m2/repository/io/swagger/core/v3/swagger-core/2.1.12/swagger-core-2.1.12.jar:/Users/jorgegarcia/.m2/repository/org/apache/commons/commons-lang3/3.12.0/commons-lang3-3.12.0.jar:/Users/jorgegarcia/.m2/repository/com/fasterxml/jackson/dataformat/jackson-dataformat-yaml/2.13.1/jackson-dataformat-yaml-2.13.1.jar:/Users/jorgegarcia/.m2/repository/io/swagger/core/v3/swagger-annotations/2.1.12/swagger-annotations-2.1.12.jar:/Users/jorgegarcia/.m2/repository/io/swagger/core/v3/swagger-models/2.1.12/swagger-models-2.1.12.jar:/Users/jorgegarcia/.m2/repository/org/springframework/spring-webmvc/5.3.14/spring-webmvc-5.3.14.jar:/Users/jorgegarcia/.m2/repository/org/webjars/swagger-ui/4.2.1/swagger-ui-4.2.1.jar:/Users/jorgegarcia/.m2/repository/org/webjars/webjars-locator-core/0.48/webjars-locator-core-0.48.jar:/Users/jorgegarcia/.m2/repository/com/fasterxml/jackson/core/jackson-core/2.13.1/jackson-core-2.13.1.jar:/Users/jorgegarcia/.m2/repository/io/github/classgraph/classgraph/4.8.138/classgraph-4.8.138.jar:/Users/jorgegarcia/.m2/repository/org/springframework/kafka/spring-kafka/2.8.1/spring-kafka-2.8.1.jar:/Users/jorgegarcia/.m2/repository/org/springframework/spring-context/5.3.14/spring-context-5.3.14.jar:/Users/jorgegarcia/.m2/repository/org/springframework/spring-expression/5.3.14/spring-expression-5.3.14.jar:/Users/jorgegarcia/.m2/repository/org/springframework/spring-messaging/5.3.14/spring-messaging-5.3.14.jar:/Users/jorgegarcia/.m2/repository/org/springframework/spring-tx/5.3.14/spring-tx-5.3.14.jar:/Users/jorgegarcia/.m2/repository/org/springframework/retry/spring-retry/1.3.1/spring-retry-1.3.1.jar:/Users/jorgegarcia/.m2/repository/javax/annotation/javax.annotation-api/1.3.2/javax.annotation-api-1.3.2.jar:/Users/jorgegarcia/.m2/repository/org/apache/kafka/kafka-clients/3.0.0/kafka-clients-3.0.0.jar:/Users/jorgegarcia/.m2/repository/com/github/luben/zstd-jni/1.5.0-2/zstd-jni-1.5.0-2.jar:/Users/jorgegarcia/.m2/repository/org/lz4/lz4-java/1.7.1/lz4-java-1.7.1.jar:/Users/jorgegarcia/.m2/repository/org/xerial/snappy/snappy-java/1.1.8.1/snappy-java-1.1.8.1.jar:/Users/jorgegarcia/.m2/repository/com/google/code/findbugs/jsr305/3.0.2/jsr305-3.0.2.jar:/Users/jorgegarcia/.m2/repository/org/postgresql/postgresql/42.3.1/postgresql-42.3.1.jar:/Users/jorgegarcia/.m2/repository/org/checkerframework/checker-qual/3.5.0/checker-qual-3.5.0.jar:/Users/jorgegarcia/.m2/repository/org/projectlombok/lombok/1.18.22/lombok-1.18.22.jar:/Users/jorgegarcia/.m2/repository/org/springframework/boot/spring-boot-starter-test/2.6.2/spring-boot-starter-test-2.6.2.jar:/Users/jorgegarcia/.m2/repository/org/springframework/boot/spring-boot-starter/2.6.2/spring-boot-starter-2.6.2.jar:/Users/jorgegarcia/.m2/repository/org/springframework/boot/spring-boot/2.6.2/spring-boot-2.6.2.jar:/Users/jorgegarcia/.m2/repository/org/springframework/boot/spring-boot-autoconfigure/2.6.2/spring-boot-autoconfigure-2.6.2.jar:/Users/jorgegarcia/.m2/repository/org/springframework/boot/spring-boot-starter-logging/2.6.2/spring-boot-starter-logging-2.6.2.jar:/Users/jorgegarcia/.m2/repository/ch/qos/logback/logback-classic/1.2.9/logback-classic-1.2.9.jar:/Users/jorgegarcia/.m2/repository/ch/qos/logback/logback-core/1.2.9/logback-core-1.2.9.jar:/Users/jorgegarcia/.m2/repository/org/apache/logging/log4j/log4j-to-slf4j/2.17.0/log4j-to-slf4j-2.17.0.jar:/Users/jorgegarcia/.m2/repository/org/apache/logging/log4j/log4j-api/2.17.0/log4j-api-2.17.0.jar:/Users/jorgegarcia/.m2/repository/org/slf4j/jul-to-slf4j/1.7.32/jul-to-slf4j-1.7.32.jar:/Users/jorgegarcia/.m2/repository/org/yaml/snakeyaml/1.29/snakeyaml-1.29.jar:/Users/jorgegarcia/.m2/repository/org/springframework/boot/spring-boot-test/2.6.2/spring-boot-test-2.6.2.jar:/Users/jorgegarcia/.m2/repository/org/springframework/boot/spring-boot-test-autoconfigure/2.6.2/spring-boot-test-autoconfigure-2.6.2.jar:/Users/jorgegarcia/.m2/repository/com/jayway/jsonpath/json-path/2.6.0/json-path-2.6.0.jar:/Users/jorgegarcia/.m2/repository/net/minidev/json-smart/2.4.7/json-smart-2.4.7.jar:/Users/jorgegarcia/.m2/repository/net/minidev/accessors-smart/2.4.7/accessors-smart-2.4.7.jar:/Users/jorgegarcia/.m2/repository/jakarta/xml/bind/jakarta.xml.bind-api/2.3.3/jakarta.xml.bind-api-2.3.3.jar:/Users/jorgegarcia/.m2/repository/jakarta/activation/jakarta.activation-api/1.2.2/jakarta.activation-api-1.2.2.jar:/Users/jorgegarcia/.m2/repository/org/assertj/assertj-core/3.21.0/assertj-core-3.21.0.jar:/Users/jorgegarcia/.m2/repository/org/hamcrest/hamcrest/2.2/hamcrest-2.2.jar:/Users/jorgegarcia/.m2/repository/org/junit/jupiter/junit-jupiter/5.8.2/junit-jupiter-5.8.2.jar:/Users/jorgegarcia/.m2/repository/org/junit/jupiter/junit-jupiter-params/5.8.2/junit-jupiter-params-5.8.2.jar:/Users/jorgegarcia/.m2/repository/org/junit/jupiter/junit-jupiter-engine/5.8.2/junit-jupiter-engine-5.8.2.jar:/Users/jorgegarcia/.m2/repository/org/junit/platform/junit-platform-engine/1.8.2/junit-platform-engine-1.8.2.jar:/Users/jorgegarcia/.m2/repository/org/mockito/mockito-core/4.0.0/mockito-core-4.0.0.jar:/Users/jorgegarcia/.m2/repository/net/bytebuddy/byte-buddy-agent/1.11.22/byte-buddy-agent-1.11.22.jar:/Users/jorgegarcia/.m2/repository/org/objenesis/objenesis/3.2/objenesis-3.2.jar:/Users/jorgegarcia/.m2/repository/org/mockito/mockito-junit-jupiter/4.0.0/mockito-junit-jupiter-4.0.0.jar:/Users/jorgegarcia/.m2/repository/org/skyscreamer/jsonassert/1.5.0/jsonassert-1.5.0.jar:/Users/jorgegarcia/.m2/repository/com/vaadin/external/google/android-json/0.0.20131108.vaadin1/android-json-0.0.20131108.vaadin1.jar:/Users/jorgegarcia/.m2/repository/org/springframework/spring-core/5.3.14/spring-core-5.3.14.jar:/Users/jorgegarcia/.m2/repository/org/springframework/spring-jcl/5.3.14/spring-jcl-5.3.14.jar:/Users/jorgegarcia/.m2/repository/org/springframework/spring-test/5.3.14/spring-test-5.3.14.jar:/Users/jorgegarcia/.m2/repository/org/xmlunit/xmlunit-core/2.8.4/xmlunit-core-2.8.4.jar:/Users/jorgegarcia/.m2/repository/org/springframework/kafka/spring-kafka-test/2.8.1/spring-kafka-test-2.8.1.jar:/Users/jorgegarcia/.m2/repository/org/apache/zookeeper/zookeeper/3.6.3/zookeeper-3.6.3.jar:/Users/jorgegarcia/.m2/repository/org/apache/zookeeper/zookeeper-jute/3.6.3/zookeeper-jute-3.6.3.jar:/Users/jorgegarcia/.m2/repository/org/apache/yetus/audience-annotations/0.5.0/audience-annotations-0.5.0.jar:/Users/jorgegarcia/.m2/repository/io/netty/netty-handler/4.1.72.Final/netty-handler-4.1.72.Final.jar:/Users/jorgegarcia/.m2/repository/io/netty/netty-common/4.1.72.Final/netty-common-4.1.72.Final.jar:/Users/jorgegarcia/.m2/repository/io/netty/netty-resolver/4.1.72.Final/netty-resolver-4.1.72.Final.jar:/Users/jorgegarcia/.m2/repository/io/netty/netty-buffer/4.1.72.Final/netty-buffer-4.1.72.Final.jar:/Users/jorgegarcia/.m2/repository/io/netty/netty-transport/4.1.72.Final/netty-transport-4.1.72.Final.jar:/Users/jorgegarcia/.m2/repository/io/netty/netty-codec/4.1.72.Final/netty-codec-4.1.72.Final.jar:/Users/jorgegarcia/.m2/repository/io/netty/netty-tcnative-classes/2.0.46.Final/netty-tcnative-classes-2.0.46.Final.jar:/Users/jorgegarcia/.m2/repository/io/netty/netty-transport-native-epoll/4.1.72.Final/netty-transport-native-epoll-4.1.72.Final.jar:/Users/jorgegarcia/.m2/repository/io/netty/netty-transport-native-unix-common/4.1.72.Final/netty-transport-native-unix-common-4.1.72.Final.jar:/Users/jorgegarcia/.m2/repository/io/netty/netty-transport-classes-epoll/4.1.72.Final/netty-transport-classes-epoll-4.1.72.Final.jar:/Users/jorgegarcia/.m2/repository/org/apache/kafka/kafka-clients/3.0.0/kafka-clients-3.0.0-test.jar:/Users/jorgegarcia/.m2/repository/org/apache/kafka/kafka-metadata/3.0.0/kafka-metadata-3.0.0.jar:/Users/jorgegarcia/.m2/repository/org/apache/kafka/kafka-server-common/3.0.0/kafka-server-common-3.0.0.jar:/Users/jorgegarcia/.m2/repository/org/apache/kafka/kafka-raft/3.0.0/kafka-raft-3.0.0.jar:/Users/jorgegarcia/.m2/repository/com/yammer/metrics/metrics-core/2.2.0/metrics-core-2.2.0.jar:/Users/jorgegarcia/.m2/repository/org/apache/kafka/kafka-streams-test-utils/3.0.0/kafka-streams-test-utils-3.0.0.jar:/Users/jorgegarcia/.m2/repository/org/apache/kafka/kafka-streams/3.0.0/kafka-streams-3.0.0.jar:/Users/jorgegarcia/.m2/repository/org/rocksdb/rocksdbjni/6.19.3/rocksdbjni-6.19.3.jar:/Users/jorgegarcia/.m2/repository/org/apache/kafka/kafka_2.13/3.0.0/kafka_2.13-3.0.0.jar:/Users/jorgegarcia/.m2/repository/org/scala-lang/scala-library/2.13.6/scala-library-2.13.6.jar:/Users/jorgegarcia/.m2/repository/org/apache/kafka/kafka-storage/3.0.0/kafka-storage-3.0.0.jar:/Users/jorgegarcia/.m2/repository/org/apache/kafka/kafka-storage-api/3.0.0/kafka-storage-api-3.0.0.jar:/Users/jorgegarcia/.m2/repository/net/sourceforge/argparse4j/argparse4j/0.7.0/argparse4j-0.7.0.jar:/Users/jorgegarcia/.m2/repository/com/fasterxml/jackson/module/jackson-module-scala_2.13/2.13.1/jackson-module-scala_2.13-2.13.1.jar:/Users/jorgegarcia/.m2/repository/com/thoughtworks/paranamer/paranamer/2.8/paranamer-2.8.jar:/Users/jorgegarcia/.m2/repository/com/fasterxml/jackson/dataformat/jackson-dataformat-csv/2.13.1/jackson-dataformat-csv-2.13.1.jar:/Users/jorgegarcia/.m2/repository/net/sf/jopt-simple/jopt-simple/5.0.4/jopt-simple-5.0.4.jar:/Users/jorgegarcia/.m2/repository/org/scala-lang/modules/scala-collection-compat_2.13/2.4.4/scala-collection-compat_2.13-2.4.4.jar:/Users/jorgegarcia/.m2/repository/org/scala-lang/modules/scala-java8-compat_2.13/1.0.0/scala-java8-compat_2.13-1.0.0.jar:/Users/jorgegarcia/.m2/repository/org/scala-lang/scala-reflect/2.13.6/scala-reflect-2.13.6.jar:/Users/jorgegarcia/.m2/repository/com/typesafe/scala-logging/scala-logging_2.13/3.9.3/scala-logging_2.13-3.9.3.jar:/Users/jorgegarcia/.m2/repository/io/dropwizard/metrics/metrics-core/4.2.7/metrics-core-4.2.7.jar:/Users/jorgegarcia/.m2/repository/commons-cli/commons-cli/1.4/commons-cli-1.4.jar:/Users/jorgegarcia/.m2/repository/org/apache/kafka/kafka_2.13/3.0.0/kafka_2.13-3.0.0-test.jar:/Users/jorgegarcia/.m2/repository/org/junit/jupiter/junit-jupiter-api/5.8.2/junit-jupiter-api-5.8.2.jar:/Users/jorgegarcia/.m2/repository/org/opentest4j/opentest4j/1.2.0/opentest4j-1.2.0.jar:/Users/jorgegarcia/.m2/repository/org/junit/platform/junit-platform-commons/1.8.2/junit-platform-commons-1.8.2.jar:/Users/jorgegarcia/.m2/repository/org/apiguardian/apiguardian-api/1.1.2/apiguardian-api-1.1.2.jar:"/>
    <property name="java.vm.vendor" value="Azul Systems, Inc."/>
    <property name="sun.arch.data.model" value="64"/>
    <property name="java.vendor.url" value="http://www.azul.com/"/>
    <property name="user.timezone" value=""/>
    <property name="java.vm.specification.version" value="11"/>
    <property name="os.name" value="Mac OS X"/>
    <property name="sun.java.launcher" value="SUN_STANDARD"/>
    <property name="user.country" value="US"/>
    <property name="sun.boot.library.path" value="/Users/jorgegarcia/Library/Java/JavaVirtualMachines/azul-11.0.15-1/Contents/Home/lib"/>
    <property name="sun.java.command" value="/Users/jorgegarcia/gits/private-epcsd-spring/epcsd-spring-showcatalog/target/surefire/surefirebooter10305310968711797333.jar /Users/jorgegarcia/gits/private-epcsd-spring/epcsd-spring-showcatalog/target/surefire 2022-05-03T21-16-14_301-jvmRun1 surefire13289522544710984720tmp surefire_05211632462490431681tmp"/>
    <property name="http.nonProxyHosts" value="local|*.local|169.254/16|*.169.254/16"/>
    <property name="jdk.debug" value="release"/>
    <property name="surefire.test.class.path" value="/Users/jorgegarcia/gits/private-epcsd-spring/epcsd-spring-showcatalog/target/test-classes:/Users/jorgegarcia/gits/private-epcsd-spring/epcsd-spring-showcatalog/target/classes:/Users/jorgegarcia/.m2/repository/org/springframework/boot/spring-boot-starter-data-jpa/2.6.2/spring-boot-starter-data-jpa-2.6.2.jar:/Users/jorgegarcia/.m2/repository/org/springframework/boot/spring-boot-starter-aop/2.6.2/spring-boot-starter-aop-2.6.2.jar:/Users/jorgegarcia/.m2/repository/org/springframework/spring-aop/5.3.14/spring-aop-5.3.14.jar:/Users/jorgegarcia/.m2/repository/org/aspectj/aspectjweaver/1.9.7/aspectjweaver-1.9.7.jar:/Users/jorgegarcia/.m2/repository/org/springframework/boot/spring-boot-starter-jdbc/2.6.2/spring-boot-starter-jdbc-2.6.2.jar:/Users/jorgegarcia/.m2/repository/com/zaxxer/HikariCP/4.0.3/HikariCP-4.0.3.jar:/Users/jorgegarcia/.m2/repository/org/springframework/spring-jdbc/5.3.14/spring-jdbc-5.3.14.jar:/Users/jorgegarcia/.m2/repository/jakarta/transaction/jakarta.transaction-api/1.3.3/jakarta.transaction-api-1.3.3.jar:/Users/jorgegarcia/.m2/repository/jakarta/persistence/jakarta.persistence-api/2.2.3/jakarta.persistence-api-2.2.3.jar:/Users/jorgegarcia/.m2/repository/org/hibernate/hibernate-core/5.6.3.Final/hibernate-core-5.6.3.Final.jar:/Users/jorgegarcia/.m2/repository/org/jboss/logging/jboss-logging/3.4.2.Final/jboss-logging-3.4.2.Final.jar:/Users/jorgegarcia/.m2/repository/net/bytebuddy/byte-buddy/1.11.22/byte-buddy-1.11.22.jar:/Users/jorgegarcia/.m2/repository/antlr/antlr/2.7.7/antlr-2.7.7.jar:/Users/jorgegarcia/.m2/repository/org/jboss/jandex/2.2.3.Final/jandex-2.2.3.Final.jar:/Users/jorgegarcia/.m2/repository/com/fasterxml/classmate/1.5.1/classmate-1.5.1.jar:/Users/jorgegarcia/.m2/repository/org/hibernate/common/hibernate-commons-annotations/5.1.2.Final/hibernate-commons-annotations-5.1.2.Final.jar:/Users/jorgegarcia/.m2/repository/org/glassfish/jaxb/jaxb-runtime/2.3.5/jaxb-runtime-2.3.5.jar:/Users/jorgegarcia/.m2/repository/org/glassfish/jaxb/txw2/2.3.5/txw2-2.3.5.jar:/Users/jorgegarcia/.m2/repository/com/sun/istack/istack-commons-runtime/3.0.12/istack-commons-runtime-3.0.12.jar:/Users/jorgegarcia/.m2/repository/com/sun/activation/jakarta.activation/1.2.2/jakarta.activation-1.2.2.jar:/Users/jorgegarcia/.m2/repository/org/springframework/data/spring-data-jpa/2.6.0/spring-data-jpa-2.6.0.jar:/Users/jorgegarcia/.m2/repository/org/springframework/data/spring-data-commons/2.6.0/spring-data-commons-2.6.0.jar:/Users/jorgegarcia/.m2/repository/org/springframework/spring-orm/5.3.14/spring-orm-5.3.14.jar:/Users/jorgegarcia/.m2/repository/org/springframework/spring-beans/5.3.14/spring-beans-5.3.14.jar:/Users/jorgegarcia/.m2/repository/org/slf4j/slf4j-api/1.7.32/slf4j-api-1.7.32.jar:/Users/jorgegarcia/.m2/repository/org/springframework/spring-aspects/5.3.14/spring-aspects-5.3.14.jar:/Users/jorgegarcia/.m2/repository/org/springframework/boot/spring-boot-starter-jersey/2.6.2/spring-boot-starter-jersey-2.6.2.jar:/Users/jorgegarcia/.m2/repository/org/springframework/boot/spring-boot-starter-json/2.6.2/spring-boot-starter-json-2.6.2.jar:/Users/jorgegarcia/.m2/repository/com/fasterxml/jackson/core/jackson-databind/2.13.1/jackson-databind-2.13.1.jar:/Users/jorgegarcia/.m2/repository/com/fasterxml/jackson/datatype/jackson-datatype-jdk8/2.13.1/jackson-datatype-jdk8-2.13.1.jar:/Users/jorgegarcia/.m2/repository/com/fasterxml/jackson/datatype/jackson-datatype-jsr310/2.13.1/jackson-datatype-jsr310-2.13.1.jar:/Users/jorgegarcia/.m2/repository/com/fasterxml/jackson/module/jackson-module-parameter-names/2.13.1/jackson-module-parameter-names-2.13.1.jar:/Users/jorgegarcia/.m2/repository/org/springframework/boot/spring-boot-starter-tomcat/2.6.2/spring-boot-starter-tomcat-2.6.2.jar:/Users/jorgegarcia/.m2/repository/jakarta/annotation/jakarta.annotation-api/1.3.5/jakarta.annotation-api-1.3.5.jar:/Users/jorgegarcia/.m2/repository/org/apache/tomcat/embed/tomcat-embed-core/9.0.56/tomcat-embed-core-9.0.56.jar:/Users/jorgegarcia/.m2/repository/org/apache/tomcat/embed/tomcat-embed-el/9.0.56/tomcat-embed-el-9.0.56.jar:/Users/jorgegarcia/.m2/repository/org/apache/tomcat/embed/tomcat-embed-websocket/9.0.56/tomcat-embed-websocket-9.0.56.jar:/Users/jorgegarcia/.m2/repository/org/springframework/boot/spring-boot-starter-validation/2.6.2/spring-boot-starter-validation-2.6.2.jar:/Users/jorgegarcia/.m2/repository/org/hibernate/validator/hibernate-validator/6.2.0.Final/hibernate-validator-6.2.0.Final.jar:/Users/jorgegarcia/.m2/repository/org/springframework/spring-web/5.3.14/spring-web-5.3.14.jar:/Users/jorgegarcia/.m2/repository/org/glassfish/jersey/core/jersey-server/2.35/jersey-server-2.35.jar:/Users/jorgegarcia/.m2/repository/org/glassfish/jersey/core/jersey-common/2.35/jersey-common-2.35.jar:/Users/jorgegarcia/.m2/repository/org/glassfish/hk2/osgi-resource-locator/1.0.3/osgi-resource-locator-1.0.3.jar:/Users/jorgegarcia/.m2/repository/org/glassfish/jersey/core/jersey-client/2.35/jersey-client-2.35.jar:/Users/jorgegarcia/.m2/repository/jakarta/ws/rs/jakarta.ws.rs-api/2.1.6/jakarta.ws.rs-api-2.1.6.jar:/Users/jorgegarcia/.m2/repository/org/glassfish/hk2/external/jakarta.inject/2.6.1/jakarta.inject-2.6.1.jar:/Users/jorgegarcia/.m2/repository/jakarta/validation/jakarta.validation-api/2.0.2/jakarta.validation-api-2.0.2.jar:/Users/jorgegarcia/.m2/repository/org/glassfish/jersey/containers/jersey-container-servlet-core/2.35/jersey-container-servlet-core-2.35.jar:/Users/jorgegarcia/.m2/repository/org/glassfish/jersey/containers/jersey-container-servlet/2.35/jersey-container-servlet-2.35.jar:/Users/jorgegarcia/.m2/repository/org/glassfish/jersey/ext/jersey-bean-validation/2.35/jersey-bean-validation-2.35.jar:/Users/jorgegarcia/.m2/repository/org/glassfish/jersey/ext/jersey-spring5/2.35/jersey-spring5-2.35.jar:/Users/jorgegarcia/.m2/repository/org/glassfish/jersey/inject/jersey-hk2/2.35/jersey-hk2-2.35.jar:/Users/jorgegarcia/.m2/repository/org/glassfish/hk2/hk2-locator/2.6.1/hk2-locator-2.6.1.jar:/Users/jorgegarcia/.m2/repository/org/glassfish/hk2/external/aopalliance-repackaged/2.6.1/aopalliance-repackaged-2.6.1.jar:/Users/jorgegarcia/.m2/repository/org/javassist/javassist/3.25.0-GA/javassist-3.25.0-GA.jar:/Users/jorgegarcia/.m2/repository/org/glassfish/hk2/hk2/2.6.1/hk2-2.6.1.jar:/Users/jorgegarcia/.m2/repository/org/glassfish/hk2/hk2-utils/2.6.1/hk2-utils-2.6.1.jar:/Users/jorgegarcia/.m2/repository/org/glassfish/hk2/hk2-api/2.6.1/hk2-api-2.6.1.jar:/Users/jorgegarcia/.m2/repository/org/glassfish/hk2/hk2-core/2.6.1/hk2-core-2.6.1.jar:/Users/jorgegarcia/.m2/repository/org/glassfish/hk2/hk2-runlevel/2.6.1/hk2-runlevel-2.6.1.jar:/Users/jorgegarcia/.m2/repository/org/glassfish/hk2/class-model/2.6.1/class-model-2.6.1.jar:/Users/jorgegarcia/.m2/repository/org/ow2/asm/asm/7.1/asm-7.1.jar:/Users/jorgegarcia/.m2/repository/org/ow2/asm/asm-analysis/7.1/asm-analysis-7.1.jar:/Users/jorgegarcia/.m2/repository/org/ow2/asm/asm-commons/7.1/asm-commons-7.1.jar:/Users/jorgegarcia/.m2/repository/org/ow2/asm/asm-tree/7.1/asm-tree-7.1.jar:/Users/jorgegarcia/.m2/repository/org/ow2/asm/asm-util/7.1/asm-util-7.1.jar:/Users/jorgegarcia/.m2/repository/org/glassfish/hk2/spring-bridge/2.6.1/spring-bridge-2.6.1.jar:/Users/jorgegarcia/.m2/repository/org/glassfish/jersey/media/jersey-media-json-jackson/2.35/jersey-media-json-jackson-2.35.jar:/Users/jorgegarcia/.m2/repository/org/glassfish/jersey/ext/jersey-entity-filtering/2.35/jersey-entity-filtering-2.35.jar:/Users/jorgegarcia/.m2/repository/com/fasterxml/jackson/core/jackson-annotations/2.13.1/jackson-annotations-2.13.1.jar:/Users/jorgegarcia/.m2/repository/com/fasterxml/jackson/module/jackson-module-jaxb-annotations/2.13.1/jackson-module-jaxb-annotations-2.13.1.jar:/Users/jorgegarcia/.m2/repository/org/springdoc/springdoc-openapi-ui/1.6.5/springdoc-openapi-ui-1.6.5.jar:/Users/jorgegarcia/.m2/repository/org/springdoc/springdoc-openapi-webmvc-core/1.6.5/springdoc-openapi-webmvc-core-1.6.5.jar:/Users/jorgegarcia/.m2/repository/org/springdoc/springdoc-openapi-common/1.6.5/springdoc-openapi-common-1.6.5.jar:/Users/jorgegarcia/.m2/repository/io/swagger/core/v3/swagger-core/2.1.12/swagger-core-2.1.12.jar:/Users/jorgegarcia/.m2/repository/org/apache/commons/commons-lang3/3.12.0/commons-lang3-3.12.0.jar:/Users/jorgegarcia/.m2/repository/com/fasterxml/jackson/dataformat/jackson-dataformat-yaml/2.13.1/jackson-dataformat-yaml-2.13.1.jar:/Users/jorgegarcia/.m2/repository/io/swagger/core/v3/swagger-annotations/2.1.12/swagger-annotations-2.1.12.jar:/Users/jorgegarcia/.m2/repository/io/swagger/core/v3/swagger-models/2.1.12/swagger-models-2.1.12.jar:/Users/jorgegarcia/.m2/repository/org/springframework/spring-webmvc/5.3.14/spring-webmvc-5.3.14.jar:/Users/jorgegarcia/.m2/repository/org/webjars/swagger-ui/4.2.1/swagger-ui-4.2.1.jar:/Users/jorgegarcia/.m2/repository/org/webjars/webjars-locator-core/0.48/webjars-locator-core-0.48.jar:/Users/jorgegarcia/.m2/repository/com/fasterxml/jackson/core/jackson-core/2.13.1/jackson-core-2.13.1.jar:/Users/jorgegarcia/.m2/repository/io/github/classgraph/classgraph/4.8.138/classgraph-4.8.138.jar:/Users/jorgegarcia/.m2/repository/org/springframework/kafka/spring-kafka/2.8.1/spring-kafka-2.8.1.jar:/Users/jorgegarcia/.m2/repository/org/springframework/spring-context/5.3.14/spring-context-5.3.14.jar:/Users/jorgegarcia/.m2/repository/org/springframework/spring-expression/5.3.14/spring-expression-5.3.14.jar:/Users/jorgegarcia/.m2/repository/org/springframework/spring-messaging/5.3.14/spring-messaging-5.3.14.jar:/Users/jorgegarcia/.m2/repository/org/springframework/spring-tx/5.3.14/spring-tx-5.3.14.jar:/Users/jorgegarcia/.m2/repository/org/springframework/retry/spring-retry/1.3.1/spring-retry-1.3.1.jar:/Users/jorgegarcia/.m2/repository/javax/annotation/javax.annotation-api/1.3.2/javax.annotation-api-1.3.2.jar:/Users/jorgegarcia/.m2/repository/org/apache/kafka/kafka-clients/3.0.0/kafka-clients-3.0.0.jar:/Users/jorgegarcia/.m2/repository/com/github/luben/zstd-jni/1.5.0-2/zstd-jni-1.5.0-2.jar:/Users/jorgegarcia/.m2/repository/org/lz4/lz4-java/1.7.1/lz4-java-1.7.1.jar:/Users/jorgegarcia/.m2/repository/org/xerial/snappy/snappy-java/1.1.8.1/snappy-java-1.1.8.1.jar:/Users/jorgegarcia/.m2/repository/com/google/code/findbugs/jsr305/3.0.2/jsr305-3.0.2.jar:/Users/jorgegarcia/.m2/repository/org/postgresql/postgresql/42.3.1/postgresql-42.3.1.jar:/Users/jorgegarcia/.m2/repository/org/checkerframework/checker-qual/3.5.0/checker-qual-3.5.0.jar:/Users/jorgegarcia/.m2/repository/org/projectlombok/lombok/1.18.22/lombok-1.18.22.jar:/Users/jorgegarcia/.m2/repository/org/springframework/boot/spring-boot-starter-test/2.6.2/spring-boot-starter-test-2.6.2.jar:/Users/jorgegarcia/.m2/repository/org/springframework/boot/spring-boot-starter/2.6.2/spring-boot-starter-2.6.2.jar:/Users/jorgegarcia/.m2/repository/org/springframework/boot/spring-boot/2.6.2/spring-boot-2.6.2.jar:/Users/jorgegarcia/.m2/repository/org/springframework/boot/spring-boot-autoconfigure/2.6.2/spring-boot-autoconfigure-2.6.2.jar:/Users/jorgegarcia/.m2/repository/org/springframework/boot/spring-boot-starter-logging/2.6.2/spring-boot-starter-logging-2.6.2.jar:/Users/jorgegarcia/.m2/repository/ch/qos/logback/logback-classic/1.2.9/logback-classic-1.2.9.jar:/Users/jorgegarcia/.m2/repository/ch/qos/logback/logback-core/1.2.9/logback-core-1.2.9.jar:/Users/jorgegarcia/.m2/repository/org/apache/logging/log4j/log4j-to-slf4j/2.17.0/log4j-to-slf4j-2.17.0.jar:/Users/jorgegarcia/.m2/repository/org/apache/logging/log4j/log4j-api/2.17.0/log4j-api-2.17.0.jar:/Users/jorgegarcia/.m2/repository/org/slf4j/jul-to-slf4j/1.7.32/jul-to-slf4j-1.7.32.jar:/Users/jorgegarcia/.m2/repository/org/yaml/snakeyaml/1.29/snakeyaml-1.29.jar:/Users/jorgegarcia/.m2/repository/org/springframework/boot/spring-boot-test/2.6.2/spring-boot-test-2.6.2.jar:/Users/jorgegarcia/.m2/repository/org/springframework/boot/spring-boot-test-autoconfigure/2.6.2/spring-boot-test-autoconfigure-2.6.2.jar:/Users/jorgegarcia/.m2/repository/com/jayway/jsonpath/json-path/2.6.0/json-path-2.6.0.jar:/Users/jorgegarcia/.m2/repository/net/minidev/json-smart/2.4.7/json-smart-2.4.7.jar:/Users/jorgegarcia/.m2/repository/net/minidev/accessors-smart/2.4.7/accessors-smart-2.4.7.jar:/Users/jorgegarcia/.m2/repository/jakarta/xml/bind/jakarta.xml.bind-api/2.3.3/jakarta.xml.bind-api-2.3.3.jar:/Users/jorgegarcia/.m2/repository/jakarta/activation/jakarta.activation-api/1.2.2/jakarta.activation-api-1.2.2.jar:/Users/jorgegarcia/.m2/repository/org/assertj/assertj-core/3.21.0/assertj-core-3.21.0.jar:/Users/jorgegarcia/.m2/repository/org/hamcrest/hamcrest/2.2/hamcrest-2.2.jar:/Users/jorgegarcia/.m2/repository/org/junit/jupiter/junit-jupiter/5.8.2/junit-jupiter-5.8.2.jar:/Users/jorgegarcia/.m2/repository/org/junit/jupiter/junit-jupiter-params/5.8.2/junit-jupiter-params-5.8.2.jar:/Users/jorgegarcia/.m2/repository/org/junit/jupiter/junit-jupiter-engine/5.8.2/junit-jupiter-engine-5.8.2.jar:/Users/jorgegarcia/.m2/repository/org/junit/platform/junit-platform-engine/1.8.2/junit-platform-engine-1.8.2.jar:/Users/jorgegarcia/.m2/repository/org/mockito/mockito-core/4.0.0/mockito-core-4.0.0.jar:/Users/jorgegarcia/.m2/repository/net/bytebuddy/byte-buddy-agent/1.11.22/byte-buddy-agent-1.11.22.jar:/Users/jorgegarcia/.m2/repository/org/objenesis/objenesis/3.2/objenesis-3.2.jar:/Users/jorgegarcia/.m2/repository/org/mockito/mockito-junit-jupiter/4.0.0/mockito-junit-jupiter-4.0.0.jar:/Users/jorgegarcia/.m2/repository/org/skyscreamer/jsonassert/1.5.0/jsonassert-1.5.0.jar:/Users/jorgegarcia/.m2/repository/com/vaadin/external/google/android-json/0.0.20131108.vaadin1/android-json-0.0.20131108.vaadin1.jar:/Users/jorgegarcia/.m2/repository/org/springframework/spring-core/5.3.14/spring-core-5.3.14.jar:/Users/jorgegarcia/.m2/repository/org/springframework/spring-jcl/5.3.14/spring-jcl-5.3.14.jar:/Users/jorgegarcia/.m2/repository/org/springframework/spring-test/5.3.14/spring-test-5.3.14.jar:/Users/jorgegarcia/.m2/repository/org/xmlunit/xmlunit-core/2.8.4/xmlunit-core-2.8.4.jar:/Users/jorgegarcia/.m2/repository/org/springframework/kafka/spring-kafka-test/2.8.1/spring-kafka-test-2.8.1.jar:/Users/jorgegarcia/.m2/repository/org/apache/zookeeper/zookeeper/3.6.3/zookeeper-3.6.3.jar:/Users/jorgegarcia/.m2/repository/org/apache/zookeeper/zookeeper-jute/3.6.3/zookeeper-jute-3.6.3.jar:/Users/jorgegarcia/.m2/repository/org/apache/yetus/audience-annotations/0.5.0/audience-annotations-0.5.0.jar:/Users/jorgegarcia/.m2/repository/io/netty/netty-handler/4.1.72.Final/netty-handler-4.1.72.Final.jar:/Users/jorgegarcia/.m2/repository/io/netty/netty-common/4.1.72.Final/netty-common-4.1.72.Final.jar:/Users/jorgegarcia/.m2/repository/io/netty/netty-resolver/4.1.72.Final/netty-resolver-4.1.72.Final.jar:/Users/jorgegarcia/.m2/repository/io/netty/netty-buffer/4.1.72.Final/netty-buffer-4.1.72.Final.jar:/Users/jorgegarcia/.m2/repository/io/netty/netty-transport/4.1.72.Final/netty-transport-4.1.72.Final.jar:/Users/jorgegarcia/.m2/repository/io/netty/netty-codec/4.1.72.Final/netty-codec-4.1.72.Final.jar:/Users/jorgegarcia/.m2/repository/io/netty/netty-tcnative-classes/2.0.46.Final/netty-tcnative-classes-2.0.46.Final.jar:/Users/jorgegarcia/.m2/repository/io/netty/netty-transport-native-epoll/4.1.72.Final/netty-transport-native-epoll-4.1.72.Final.jar:/Users/jorgegarcia/.m2/repository/io/netty/netty-transport-native-unix-common/4.1.72.Final/netty-transport-native-unix-common-4.1.72.Final.jar:/Users/jorgegarcia/.m2/repository/io/netty/netty-transport-classes-epoll/4.1.72.Final/netty-transport-classes-epoll-4.1.72.Final.jar:/Users/jorgegarcia/.m2/repository/org/apache/kafka/kafka-clients/3.0.0/kafka-clients-3.0.0-test.jar:/Users/jorgegarcia/.m2/repository/org/apache/kafka/kafka-metadata/3.0.0/kafka-metadata-3.0.0.jar:/Users/jorgegarcia/.m2/repository/org/apache/kafka/kafka-server-common/3.0.0/kafka-server-common-3.0.0.jar:/Users/jorgegarcia/.m2/repository/org/apache/kafka/kafka-raft/3.0.0/kafka-raft-3.0.0.jar:/Users/jorgegarcia/.m2/repository/com/yammer/metrics/metrics-core/2.2.0/metrics-core-2.2.0.jar:/Users/jorgegarcia/.m2/repository/org/apache/kafka/kafka-streams-test-utils/3.0.0/kafka-streams-test-utils-3.0.0.jar:/Users/jorgegarcia/.m2/repository/org/apache/kafka/kafka-streams/3.0.0/kafka-streams-3.0.0.jar:/Users/jorgegarcia/.m2/repository/org/rocksdb/rocksdbjni/6.19.3/rocksdbjni-6.19.3.jar:/Users/jorgegarcia/.m2/repository/org/apache/kafka/kafka_2.13/3.0.0/kafka_2.13-3.0.0.jar:/Users/jorgegarcia/.m2/repository/org/scala-lang/scala-library/2.13.6/scala-library-2.13.6.jar:/Users/jorgegarcia/.m2/repository/org/apache/kafka/kafka-storage/3.0.0/kafka-storage-3.0.0.jar:/Users/jorgegarcia/.m2/repository/org/apache/kafka/kafka-storage-api/3.0.0/kafka-storage-api-3.0.0.jar:/Users/jorgegarcia/.m2/repository/net/sourceforge/argparse4j/argparse4j/0.7.0/argparse4j-0.7.0.jar:/Users/jorgegarcia/.m2/repository/com/fasterxml/jackson/module/jackson-module-scala_2.13/2.13.1/jackson-module-scala_2.13-2.13.1.jar:/Users/jorgegarcia/.m2/repository/com/thoughtworks/paranamer/paranamer/2.8/paranamer-2.8.jar:/Users/jorgegarcia/.m2/repository/com/fasterxml/jackson/dataformat/jackson-dataformat-csv/2.13.1/jackson-dataformat-csv-2.13.1.jar:/Users/jorgegarcia/.m2/repository/net/sf/jopt-simple/jopt-simple/5.0.4/jopt-simple-5.0.4.jar:/Users/jorgegarcia/.m2/repository/org/scala-lang/modules/scala-collection-compat_2.13/2.4.4/scala-collection-compat_2.13-2.4.4.jar:/Users/jorgegarcia/.m2/repository/org/scala-lang/modules/scala-java8-compat_2.13/1.0.0/scala-java8-compat_2.13-1.0.0.jar:/Users/jorgegarcia/.m2/repository/org/scala-lang/scala-reflect/2.13.6/scala-reflect-2.13.6.jar:/Users/jorgegarcia/.m2/repository/com/typesafe/scala-logging/scala-logging_2.13/3.9.3/scala-logging_2.13-3.9.3.jar:/Users/jorgegarcia/.m2/repository/io/dropwizard/metrics/metrics-core/4.2.7/metrics-core-4.2.7.jar:/Users/jorgegarcia/.m2/repository/commons-cli/commons-cli/1.4/commons-cli-1.4.jar:/Users/jorgegarcia/.m2/repository/org/apache/kafka/kafka_2.13/3.0.0/kafka_2.13-3.0.0-test.jar:/Users/jorgegarcia/.m2/repository/org/junit/jupiter/junit-jupiter-api/5.8.2/junit-jupiter-api-5.8.2.jar:/Users/jorgegarcia/.m2/repository/org/opentest4j/opentest4j/1.2.0/opentest4j-1.2.0.jar:/Users/jorgegarcia/.m2/repository/org/junit/platform/junit-platform-commons/1.8.2/junit-platform-commons-1.8.2.jar:/Users/jorgegarcia/.m2/repository/org/apiguardian/apiguardian-api/1.1.2/apiguardian-api-1.1.2.jar:"/>
    <property name="sun.cpu.endian" value="little"/>
    <property name="user.home" value="/Users/jorgegarcia"/>
    <property name="user.language" value="en"/>
    <property name="java.specification.vendor" value="Oracle Corporation"/>
    <property name="java.version.date" value="2022-04-19"/>
    <property name="java.home" value="/Users/jorgegarcia/Library/Java/JavaVirtualMachines/azul-11.0.15-1/Contents/Home"/>
    <property name="file.separator" value="/"/>
    <property name="basedir" value="/Users/jorgegarcia/gits/private-epcsd-spring/epcsd-spring-showcatalog"/>
    <property name="java.vm.compressedOopsMode" value="Zero based"/>
    <property name="line.separator" value="&#10;"/>
    <property name="java.specification.name" value="Java Platform API Specification"/>
    <property name="java.vm.specification.vendor" value="Oracle Corporation"/>
    <property name="jdk.vendor.version" value="Zulu11.56+19-CA"/>
    <property name="java.awt.graphicsenv" value="sun.awt.CGraphicsEnvironment"/>
    <property name="surefire.real.class.path" value="/Users/jorgegarcia/gits/private-epcsd-spring/epcsd-spring-showcatalog/target/surefire/surefirebooter10305310968711797333.jar"/>
    <property name="sun.management.compiler" value="HotSpot 64-Bit Tiered Compilers"/>
    <property name="ftp.nonProxyHosts" value="local|*.local|169.254/16|*.169.254/16"/>
    <property name="java.runtime.version" value="11.0.15+10-LTS"/>
    <property name="user.name" value="jorgegarcia"/>
    <property name="path.separator" value=":"/>
    <property name="os.version" value="12.3.1"/>
    <property name="java.runtime.name" value="OpenJDK Runtime Environment"/>
    <property name="file.encoding" value="UTF-8"/>
    <property name="java.vm.name" value="OpenJDK 64-Bit Server VM"/>
    <property name="java.vendor.version" value="Zulu11.56+19-CA"/>
    <property name="localRepository" value="/Users/jorgegarcia/.m2/repository"/>
    <property name="java.vendor.url.bug" value="http://www.azul.com/support/"/>
    <property name="java.io.tmpdir" value="/var/folders/lg/k9d0dp9j2jl1byrbs_xjq3640000gp/T/"/>
    <property name="idea.version" value="2022.1"/>
    <property name="java.version" value="11.0.15"/>
    <property name="user.dir" value="/Users/jorgegarcia/gits/private-epcsd-spring/epcsd-spring-showcatalog"/>
    <property name="os.arch" value="aarch64"/>
    <property name="java.vm.specification.name" value="Java Virtual Machine Specification"/>
    <property name="java.awt.printerjob" value="sun.lwawt.macosx.CPrinterJob"/>
    <property name="sun.os.patch.level" value="unknown"/>
    <property name="java.library.path" value="/Users/jorgegarcia/Library/Java/Extensions:/Library/Java/Extensions:/Network/Library/Java/Extensions:/System/Library/Java/Extensions:/usr/lib/java:."/>
    <property name="java.vm.info" value="mixed mode"/>
    <property name="java.vendor" value="Azul Systems, Inc."/>
    <property name="java.vm.version" value="11.0.15+10-LTS"/>
    <property name="sun.io.unicode.encoding" value="UnicodeBig"/>
    <property name="java.class.version" value="55.0"/>
    <property name="socksNonProxyHosts" value="local|*.local|169.254/16|*.169.254/16"/>
  </properties>
  <testcase name="contextLoads" classname="edu.uoc.epcsd.showcatalog.ShowCatalogApplicationTests" time="0.054"/>
</testsuite>